<?xml version="1.0" encoding="UTF-8"?>
<testng-results ignored="0" total="1" passed="1" failed="0" skipped="0">
  <reporter-output>
  </reporter-output>
  <suite started-at="2020-03-25T18:23:24 IST" name="Default suite" finished-at="2020-03-25T18:23:38 IST" duration-ms="14386">
    <groups>
    </groups>
    <test started-at="2020-03-25T18:23:24 IST" name="Default test" finished-at="2020-03-25T18:23:38 IST" duration-ms="14386">
      <class name="com.pages.Demo">
        <test-method signature="setup()[pri:0, instance:com.pages.Demo@1c93084c]" started-at="2020-03-25T18:23:24 IST" name="setup" finished-at="2020-03-25T18:23:38 IST" duration-ms="14325" status="PASS">
          <reporter-output>
          </reporter-output>
        </test-method> <!-- setup -->
      </class> <!-- com.pages.Demo -->
    </test> <!-- Default test -->
  </suite> <!-- Default suite -->
</testng-results>
